TN:
SF:src/order.js
FN:5,(anonymous_0)
FN:14,(anonymous_1)
FN:15,(anonymous_2)
FN:19,(anonymous_3)
FN:29,(anonymous_4)
FN:31,(anonymous_5)
FN:38,(anonymous_6)
FN:46,(anonymous_7)
FN:54,(anonymous_8)
FN:64,(anonymous_9)
FNF:10
FNH:10
FNDA:12,(anonymous_0)
FNDA:15,(anonymous_1)
FNDA:8,(anonymous_2)
FNDA:3,(anonymous_3)
FNDA:2,(anonymous_4)
FNDA:3,(anonymous_5)
FNDA:5,(anonymous_6)
FNDA:3,(anonymous_7)
FNDA:2,(anonymous_8)
FNDA:9,(anonymous_9)
DA:6,12
DA:7,12
DA:8,12
DA:9,12
DA:10,12
DA:15,15
DA:21,3
DA:22,2
DA:24,1
DA:25,1
DA:30,2
DA:31,3
DA:32,2
DA:33,2
DA:34,2
DA:39,5
DA:40,1
DA:42,4
DA:47,3
DA:48,1
DA:50,2
DA:55,2
DA:56,1
DA:58,1
DA:66,9
DA:67,2
DA:69,7
DA:70,7
DA:71,7
DA:75,1
LF:30
LH:30
BRDA:5,0,0,9
BRDA:5,1,0,11
BRDA:21,2,0,2
BRDA:21,2,1,1
BRDA:21,3,0,3
BRDA:21,3,1,2
BRDA:21,3,2,1
BRDA:39,4,0,1
BRDA:39,4,1,4
BRDA:47,5,0,1
BRDA:47,5,1,2
BRDA:55,6,0,1
BRDA:55,6,1,1
BRDA:66,7,0,2
BRDA:66,7,1,7
BRDA:66,8,0,9
BRDA:66,8,1,9
BRDA:66,8,2,8
BRF:18
BRH:18
end_of_record
